<?xml version="1.0" encoding="UTF-8"?>
<testsuite xmlns:xsi="http://www.w3.org/2001/XMLSchema-instance" xsi:noNamespaceSchemaLocation="https://maven.apache.org/surefire/maven-surefire-plugin/xsd/surefire-test-report.xsd" name="EnemyTest" time="0.071" tests="7" errors="0" skipped="0" failures="1">
  <properties>
    <property name="java.specification.version" value="21"/>
    <property name="sun.jnu.encoding" value="UTF-8"/>
    <property name="java.class.path" value="/Users/ranbrachel/Desktop/university/simester_2/OOP/Assintment 3/DND/DnD/target/test-classes:/Users/ranbrachel/Desktop/university/simester_2/OOP/Assintment 3/DND/DnD/target/classes:/Users/ranbrachel/.m2/repository/junit/junit/4.13.2/junit-4.13.2.jar:/Users/ranbrachel/.m2/repository/org/hamcrest/hamcrest-core/1.3/hamcrest-core-1.3.jar:"/>
    <property name="java.vm.vendor" value="Eclipse Adoptium"/>
    <property name="sun.arch.data.model" value="64"/>
    <property name="java.vendor.url" value="https://adoptium.net/"/>
    <property name="os.name" value="Mac OS X"/>
    <property name="java.vm.specification.version" value="21"/>
    <property name="user.country" value="IL"/>
    <property name="sun.java.launcher" value="SUN_STANDARD"/>
    <property name="sun.boot.library.path" value="/Library/Java/JavaVirtualMachines/temurin-21.jdk/Contents/Home/lib"/>
    <property name="sun.java.command" value="/Users/ranbrachel/Desktop/university/simester_2/OOP/Assintment 3/DND/DnD/target/surefire/surefirebooter13432598668179798544.jar /Users/ranbrachel/Desktop/university/simester_2/OOP/Assintment 3/DND/DnD/target/surefire 2024-08-18T17-18-25_745-jvmRun1 surefire1191013754451766744tmp surefire_014186327648066595461tmp"/>
    <property name="http.nonProxyHosts" value="local|*.local|169.254/16|*.169.254/16"/>
    <property name="jdk.debug" value="release"/>
    <property name="test" value="EnemyTest"/>
    <property name="surefire.test.class.path" value="/Users/ranbrachel/Desktop/university/simester_2/OOP/Assintment 3/DND/DnD/target/test-classes:/Users/ranbrachel/Desktop/university/simester_2/OOP/Assintment 3/DND/DnD/target/classes:/Users/ranbrachel/.m2/repository/junit/junit/4.13.2/junit-4.13.2.jar:/Users/ranbrachel/.m2/repository/org/hamcrest/hamcrest-core/1.3/hamcrest-core-1.3.jar:"/>
    <property name="sun.cpu.endian" value="little"/>
    <property name="user.home" value="/Users/ranbrachel"/>
    <property name="user.language" value="en"/>
    <property name="java.specification.vendor" value="Oracle Corporation"/>
    <property name="java.version.date" value="2024-07-16"/>
    <property name="java.home" value="/Library/Java/JavaVirtualMachines/temurin-21.jdk/Contents/Home"/>
    <property name="file.separator" value="/"/>
    <property name="basedir" value="/Users/ranbrachel/Desktop/university/simester_2/OOP/Assintment 3/DND/DnD"/>
    <property name="java.vm.compressedOopsMode" value="Zero based"/>
    <property name="line.separator" value="&#10;"/>
    <property name="java.vm.specification.vendor" value="Oracle Corporation"/>
    <property name="java.specification.name" value="Java Platform API Specification"/>
    <property name="apple.awt.application.name" value="ForkedBooter"/>
    <property name="surefire.real.class.path" value="/Users/ranbrachel/Desktop/university/simester_2/OOP/Assintment 3/DND/DnD/target/surefire/surefirebooter13432598668179798544.jar"/>
    <property name="sun.management.compiler" value="HotSpot 64-Bit Tiered Compilers"/>
    <property name="ftp.nonProxyHosts" value="local|*.local|169.254/16|*.169.254/16"/>
    <property name="java.runtime.version" value="21.0.4+7-LTS"/>
    <property name="user.name" value="ranbrachel"/>
    <property name="stdout.encoding" value="UTF-8"/>
    <property name="path.separator" value=":"/>
    <property name="os.version" value="15.0"/>
    <property name="java.runtime.name" value="OpenJDK Runtime Environment"/>
    <property name="file.encoding" value="UTF-8"/>
    <property name="java.vm.name" value="OpenJDK 64-Bit Server VM"/>
    <property name="java.vendor.version" value="Temurin-21.0.4+7"/>
    <property name="maven.ext.class.path" value="/Users/ranbrachel/.vscode/extensions/oracle.oracle-java-22.1.1/nbcode/java/maven-nblib/netbeans-eventspy.jar"/>
    <property name="localRepository" value="/Users/ranbrachel/.m2/repository"/>
    <property name="java.vendor.url.bug" value="https://github.com/adoptium/adoptium-support/issues"/>
    <property name="java.io.tmpdir" value="/var/folders/0l/wfpjhpvs31jfmzwchn2l2prw0000gn/T/"/>
    <property name="java.version" value="21.0.4"/>
    <property name="user.dir" value="/Users/ranbrachel/Desktop/university/simester_2/OOP/Assintment 3/DND/DnD"/>
    <property name="os.arch" value="aarch64"/>
    <property name="java.vm.specification.name" value="Java Virtual Machine Specification"/>
    <property name="native.encoding" value="UTF-8"/>
    <property name="java.library.path" value="/Users/ranbrachel/Library/Java/Extensions:/Library/Java/Extensions:/Network/Library/Java/Extensions:/System/Library/Java/Extensions:/usr/lib/java:."/>
    <property name="java.vm.info" value="mixed mode"/>
    <property name="stderr.encoding" value="UTF-8"/>
    <property name="java.vendor" value="Eclipse Adoptium"/>
    <property name="java.vm.version" value="21.0.4+7-LTS"/>
    <property name="sun.io.unicode.encoding" value="UnicodeBig"/>
    <property name="socksNonProxyHosts" value="local|*.local|169.254/16|*.169.254/16"/>
    <property name="java.class.version" value="65.0"/>
  </properties>
  <testcase name="EnemyChase" classname="EnemyTest" time="0.023">
    <failure type="java.lang.AssertionError">java.lang.AssertionError
	at EnemyTest.EnemyChase(EnemyTest.java:76)
</failure>
  </testcase>
  <testcase name="TrapTurnsInvisableAndVisable" classname="EnemyTest" time="0"/>
  <testcase name="BossCastAcility" classname="EnemyTest" time="0.001"/>
  <testcase name="playerAttacksTrap" classname="EnemyTest" time="0.001"/>
  <testcase name="EnemyMoveRandom" classname="EnemyTest" time="0.02"/>
  <testcase name="TrapAttackesPlayer" classname="EnemyTest" time="0.001"/>
  <testcase name="EnemyAttack" classname="EnemyTest" time="0"/>
</testsuite>